<?xml version="1.0" encoding="UTF-8"?>
<!-- Generated by org.testng.reporters.JUnitXMLReporter -->
<testsuite hostname="Ty-Deepak-Tr" ignored="0" name="Default test" tests="3" failures="0" timestamp="2021-01-18T12:56:05 IST" time="0.041" errors="0">
  <testcase name="createContactTest" time="0.006" classname="crmtest.ContactTest"/>
  <testcase name="deleteContactTest" time="0.0" classname="crmtest.ContactTest"/>
  <testcase name="searchContactTest" time="0.001" classname="crmtest.ContactTest"/>
</testsuite> <!-- Default test -->
