<?xml version="1.0" encoding="UTF-8"?>
<testng-results skipped="0" failed="0" ignored="0" total="3" passed="3">
  <reporter-output>
  </reporter-output>
  <suite name="Default suite" duration-ms="41" started-at="2021-01-18T12:56:05 IST" finished-at="2021-01-18T12:56:05 IST">
    <groups>
      <group name="regression">
        <method signature="ContactTest.deleteContactTest()[pri:0, instance:crmtest.ContactTest@694e1548]" name="deleteContactTest" class="crmtest.ContactTest"/>
        <method signature="ContactTest.searchContactTest()[pri:0, instance:crmtest.ContactTest@694e1548]" name="searchContactTest" class="crmtest.ContactTest"/>
      </group> <!-- regression -->
      <group name="smokeTest">
        <method signature="ContactTest.createContactTest()[pri:0, instance:crmtest.ContactTest@694e1548]" name="createContactTest" class="crmtest.ContactTest"/>
      </group> <!-- smokeTest -->
    </groups>
    <test name="Default test" duration-ms="41" started-at="2021-01-18T12:56:05 IST" finished-at="2021-01-18T12:56:05 IST">
      <class name="crmtest.ContactTest">
        <test-method status="PASS" signature="createContactTest()[pri:0, instance:crmtest.ContactTest@694e1548]" name="createContactTest" duration-ms="6" started-at="2021-01-18T12:56:05 IST" finished-at="2021-01-18T12:56:05 IST">
          <reporter-output>
          </reporter-output>
        </test-method> <!-- createContactTest -->
        <test-method status="PASS" signature="deleteContactTest()[pri:0, instance:crmtest.ContactTest@694e1548]" name="deleteContactTest" duration-ms="0" started-at="2021-01-18T12:56:05 IST" finished-at="2021-01-18T12:56:05 IST">
          <reporter-output>
          </reporter-output>
        </test-method> <!-- deleteContactTest -->
        <test-method status="PASS" signature="searchContactTest()[pri:0, instance:crmtest.ContactTest@694e1548]" name="searchContactTest" duration-ms="1" started-at="2021-01-18T12:56:05 IST" finished-at="2021-01-18T12:56:05 IST">
          <reporter-output>
          </reporter-output>
        </test-method> <!-- searchContactTest -->
      </class> <!-- crmtest.ContactTest -->
    </test> <!-- Default test -->
  </suite> <!-- Default suite -->
</testng-results>
